<?xml version="1.0" encoding="utf-8"?><testsuites name="pytest tests"><testsuite name="pytest" errors="0" failures="1" skipped="0" tests="4" time="0.189" timestamp="2025-12-16T07:44:40.120317+01:00" hostname="WS529054"><testcase classname="test_multiplication" name="test_multiplication_11[1-11]" time="0.001" /><testcase classname="test_multiplication" name="test_multiplication_11[2-22]" time="0.001" /><testcase classname="test_multiplication" name="test_multiplication_11[3-35]" time="0.001"><failure message="assert (11 * 3) == 35">num = 3, output = 35

    #x1B[0m#x1B[37m@pytest#x1B[39;49;00m.mark.parametrize(#x1B[33m"#x1B[39;49;00m#x1B[33mnum,output#x1B[39;49;00m#x1B[33m"#x1B[39;49;00m,[(#x1B[94m1#x1B[39;49;00m,#x1B[94m11#x1B[39;49;00m),(#x1B[94m2#x1B[39;49;00m,#x1B[94m22#x1B[39;49;00m),(#x1B[94m3#x1B[39;49;00m,#x1B[94m35#x1B[39;49;00m),(#x1B[94m4#x1B[39;49;00m,#x1B[94m44#x1B[39;49;00m)])#x1B[90m#x1B[39;49;00m
    #x1B[94mdef#x1B[39;49;00m#x1B[90m #x1B[39;49;00m#x1B[92mtest_multiplication_11#x1B[39;49;00m(num,output):#x1B[90m#x1B[39;49;00m
&gt;     #x1B[94massert#x1B[39;49;00m #x1B[94m11#x1B[39;49;00m*num == output#x1B[90m#x1B[39;49;00m
#x1B[1m#x1B[31mE     assert (11 * 3) == 35#x1B[0m

#x1B[1m#x1B[31mtest_multiplication.py#x1B[0m:4: AssertionError</failure></testcase><testcase classname="test_multiplication" name="test_multiplication_11[4-44]" time="0.001" /></testsuite></testsuites>